-------------------------------------------------------------------------------
Test set: fr.univ_lyon1.info.m1.AppTest
-------------------------------------------------------------------------------
Tests run: 1, Failures: 1, Errors: 0, Skipped: 0, Time elapsed: 0.011 s <<< FAILURE! - in fr.univ_lyon1.info.m1.AppTest
myFirstTest  Time elapsed: 0.008 s  <<< FAILURE!
org.opentest4j.AssertionFailedError: Le test a échoué délibérément avec fail().
	at fr.univ_lyon1.info.m1.AppTest.myFirstTest(AppTest.java:13)

